#
# There is insufficient memory for the Java Runtime Environment to continue.
# Native memory allocation (mmap) failed to map 956301312 bytes. Error detail: G1 virtual space
# Possible reasons:
#   The system is out of physical RAM or swap space
#   This process is running with CompressedOops enabled, and the Java Heap may be blocking the growth of the native heap
# Possible solutions:
#   Reduce memory load on the system
#   Increase physical memory or swap space
#   Check if swap backing store is full
#   Decrease Java heap size (-Xmx/-Xms)
#   Decrease number of Java threads
#   Decrease Java thread stack sizes (-Xss)
#   Set larger code cache with -XX:ReservedCodeCacheSize=
#   JVM is running with Zero Based Compressed Oops mode in which the Java heap is
#     placed in the first 32GB address space. The Java Heap base address is the
#     maximum limit for the native heap growth. Please use -XX:HeapBaseMinAddress
#     to set the Java Heap base and to place the Java Heap above 32GB virtual address.
# This output file may be truncated or incomplete.
#
#  Out of Memory Error (os_windows.cpp:3616), pid=1284, tid=8692
#
# JRE version: OpenJDK Runtime Environment Temurin-21.0.5+11 (21.0.5+11) (build 21.0.5+11-LTS)
# Java VM: OpenJDK 64-Bit Server VM Temurin-21.0.5+11 (21.0.5+11-LTS, mixed mode, sharing, tiered, compressed oops, compressed class ptrs, g1 gc, windows-amd64)
# No core dump will be written. Minidumps are not enabled by default on client versions of Windows
#

---------------  S U M M A R Y ------------

Command Line: -XX:+ShowCodeDetailsInExceptionMessages -agentlib:jdwp=transport=dt_socket,suspend=y,address=localhost:55202 -javaagent:C:\eclipse\configuration\org.eclipse.osgi\252\0\.cp\lib\javaagent-shaded.jar -Dfile.encoding=UTF-8 -Dstdout.encoding=UTF-8 -Dstderr.encoding=UTF-8 j0124.StuMain

Host: Intel(R) Core(TM) i5-10400F CPU @ 2.90GHz, 12 cores, 31G,  Windows 10 , 64 bit Build 19041 (10.0.19041.5198)
Time: Fri Jan 24 16:16:31 2025  Windows 10 , 64 bit Build 19041 (10.0.19041.5198) elapsed time: 5.482317 seconds (0d 0h 0m 5s)

---------------  T H R E A D  ---------------

Current thread (0x00000214b66b3010):  VMThread "VM Thread"          [id=8692, stack(0x0000007f0c100000,0x0000007f0c200000) (1024K)]

Stack: [0x0000007f0c100000,0x0000007f0c200000]
Native frames: (J=compiled Java code, j=interpreted, Vv=VM code, C=native code)
V  [jvm.dll+0x6cd4e9]
V  [jvm.dll+0x8a7941]
V  [jvm.dll+0x8a9e6e]
V  [jvm.dll+0x8aa543]
V  [jvm.dll+0x27f6d6]
V  [jvm.dll+0x6c9c25]
V  [jvm.dll+0x6be84a]
V  [jvm.dll+0x355c6a]
V  [jvm.dll+0x35d836]
V  [jvm.dll+0x3af40e]
V  [jvm.dll+0x3af6b8]
V  [jvm.dll+0x329dfc]
V  [jvm.dll+0x329e87]
V  [jvm.dll+0x36dc4c]
V  [jvm.dll+0x36c498]
V  [jvm.dll+0x3295c1]
V  [jvm.dll+0x36bb0a]
V  [jvm.dll+0x8b025f]
V  [jvm.dll+0x8b15e4]
V  [jvm.dll+0x8b1b20]
V  [jvm.dll+0x8b1dc3]
V  [jvm.dll+0x8514fb]
V  [jvm.dll+0x6cbbed]
C  [ucrtbase.dll+0x21bb2]
C  [KERNEL32.DLL+0x17374]
C  [ntdll.dll+0x4cc91]

VM_Operation (0x0000007f0bafed10): G1CollectForAllocation, mode: safepoint, requested by thread 0x0000021496e41a70


---------------  P R O C E S S  ---------------

Threads class SMR info:
_java_thread_list=0x00000214fc9c7e50, length=14, elements={
0x0000021496e41a70, 0x00000214b66c6510, 0x00000214b6ba9370, 0x00000214b6bab1b0,
0x00000214b6babc00, 0x00000214b6bac650, 0x00000214b6bad0a0, 0x00000214b6bb0b70,
0x00000214b6bb1600, 0x00000214b6c9c5a0, 0x00000214b6e34b50, 0x00000214b6ee2150,
0x00000214b6ee37e0, 0x00000214fc43c3d0
}

Java Threads: ( => current thread )
  0x0000021496e41a70 JavaThread "main"                              [_thread_blocked, id=14544, stack(0x0000007f0ba00000,0x0000007f0bb00000) (1024K)]
  0x00000214b66c6510 JavaThread "Reference Handler"          daemon [_thread_blocked, id=10292, stack(0x0000007f0c200000,0x0000007f0c300000) (1024K)]
  0x00000214b6ba9370 JavaThread "Finalizer"                  daemon [_thread_blocked, id=8828, stack(0x0000007f0c300000,0x0000007f0c400000) (1024K)]
  0x00000214b6bab1b0 JavaThread "Signal Dispatcher"          daemon [_thread_blocked, id=8572, stack(0x0000007f0c400000,0x0000007f0c500000) (1024K)]
  0x00000214b6babc00 JavaThread "Attach Listener"            daemon [_thread_blocked, id=5636, stack(0x0000007f0c500000,0x0000007f0c600000) (1024K)]
  0x00000214b6bac650 JavaThread "Service Thread"             daemon [_thread_blocked, id=13092, stack(0x0000007f0c600000,0x0000007f0c700000) (1024K)]
  0x00000214b6bad0a0 JavaThread "Monitor Deflation Thread"   daemon [_thread_blocked, id=8632, stack(0x0000007f0c700000,0x0000007f0c800000) (1024K)]
  0x00000214b6bb0b70 JavaThread "C2 CompilerThread0"         daemon [_thread_blocked, id=5728, stack(0x0000007f0c800000,0x0000007f0c900000) (1024K)]
  0x00000214b6bb1600 JavaThread "C1 CompilerThread0"         daemon [_thread_blocked, id=15296, stack(0x0000007f0c900000,0x0000007f0ca00000) (1024K)]
  0x00000214b6c9c5a0 JavaThread "Common-Cleaner"             daemon [_thread_blocked, id=14276, stack(0x0000007f0ca00000,0x0000007f0cb00000) (1024K)]
  0x00000214b6e34b50 JavaThread "JDWP Transport Listener: dt_socket" daemon [_thread_blocked, id=12016, stack(0x0000007f0cb00000,0x0000007f0cc00000) (1024K)]
  0x00000214b6ee2150 JavaThread "JDWP Event Helper Thread"   daemon [_thread_blocked, id=13328, stack(0x0000007f0cc00000,0x0000007f0cd00000) (1024K)]
  0x00000214b6ee37e0 JavaThread "JDWP Command Reader"        daemon [_thread_in_native, id=11020, stack(0x0000007f0cd00000,0x0000007f0ce00000) (1024K)]
  0x00000214fc43c3d0 JavaThread "Notification Thread"        daemon [_thread_blocked, id=3788, stack(0x0000007f0ce00000,0x0000007f0cf00000) (1024K)]
Total: 14

Other Threads:
=>0x00000214b66b3010 VMThread "VM Thread"                           [id=8692, stack(0x0000007f0c100000,0x0000007f0c200000) (1024K)]
  0x00000214b669afd0 WatcherThread "VM Periodic Task Thread"        [id=9288, stack(0x0000007f0c000000,0x0000007f0c100000) (1024K)]
  0x0000021496ee9900 WorkerThread "GC Thread#0"                     [id=5456, stack(0x0000007f0bb00000,0x0000007f0bc00000) (1024K)]
  0x00000214fc4fab40 WorkerThread "GC Thread#1"                     [id=8476, stack(0x0000007f0d100000,0x0000007f0d200000) (1024K)]
  0x00000214fc4faee0 WorkerThread "GC Thread#2"                     [id=14384, stack(0x0000007f0d200000,0x0000007f0d300000) (1024K)]
  0x00000214fc4fb280 WorkerThread "GC Thread#3"                     [id=6504, stack(0x0000007f0d300000,0x0000007f0d400000) (1024K)]
  0x00000214fc495060 WorkerThread "GC Thread#4"                     [id=7900, stack(0x0000007f0d400000,0x0000007f0d500000) (1024K)]
  0x00000214fc495400 WorkerThread "GC Thread#5"                     [id=10792, stack(0x0000007f0d500000,0x0000007f0d600000) (1024K)]
  0x00000214fc4957a0 WorkerThread "GC Thread#6"                     [id=14536, stack(0x0000007f0d600000,0x0000007f0d700000) (1024K)]
  0x00000214fc6c6100 WorkerThread "GC Thread#7"                     [id=10896, stack(0x0000007f0d700000,0x0000007f0d800000) (1024K)]
  0x00000214fc6c64a0 WorkerThread "GC Thread#8"                     [id=7892, stack(0x0000007f0d800000,0x0000007f0d900000) (1024K)]
  0x00000214fc6c6840 WorkerThread "GC Thread#9"                     [id=7816, stack(0x0000007f0d900000,0x0000007f0da00000) (1024K)]
  0x0000021494d2df90 ConcurrentGCThread "G1 Main Marker"            [id=12728, stack(0x0000007f0bc00000,0x0000007f0bd00000) (1024K)]
  0x0000021494d2e990 WorkerThread "G1 Conc#0"                       [id=7708, stack(0x0000007f0bd00000,0x0000007f0be00000) (1024K)]
  0x00000214b6558b90 ConcurrentGCThread "G1 Refine#0"               [id=3636, stack(0x0000007f0be00000,0x0000007f0bf00000) (1024K)]
  0x00000214b6559600 ConcurrentGCThread "G1 Service"                [id=8232, stack(0x0000007f0bf00000,0x0000007f0c000000) (1024K)]
Total: 16

Threads with active compile tasks:
Total: 0

VM state: at safepoint (normal execution)

VM Mutex/Monitor currently owned by a thread:  ([mutex/lock_event])
[0x00007ffc3583d380] Threads_lock - owner thread: 0x00000214b66b3010
[0x00007ffc3583d480] Heap_lock - owner thread: 0x0000021496e41a70

Heap address: 0x0000000601400000, size: 8172 MB, Compressed Oops mode: Zero based, Oop shift amount: 3

CDS archive(s) mapped at: [0x00000214b7000000-0x00000214b7c80000-0x00000214b7c80000), size 13107200, SharedBaseAddress: 0x00000214b7000000, ArchiveRelocationMode: 1.
Compressed class space mapped at: 0x00000214b8000000-0x00000214f8000000, reserved size: 1073741824
Narrow klass base: 0x00000214b7000000, Narrow klass shift: 0, Narrow klass range: 0x100000000

GC Precious Log:
 CardTable entry size: 512
 Card Set container configuration: InlinePtr #cards 4 size 8 Array Of Cards #cards 32 size 80 Howl #buckets 8 coarsen threshold 7372 Howl Bitmap #cards 1024 size 144 coarsen threshold 921 Card regions per heap region 1 cards per card region 8192
 CPUs: 12 total, 12 available
 Memory: 32681M
 Large Page Support: Disabled
 NUMA Support: Disabled
 Compressed Oops: Enabled (Zero based)
 Heap Region Size: 4M
 Heap Min Capacity: 8M
 Heap Initial Capacity: 512M
 Heap Max Capacity: 8172M
 Pre-touch: Disabled
 Parallel Workers: 10
 Concurrent Workers: 3
 Concurrent Refinement Workers: 10
 Periodic GC: Disabled

Heap:
 garbage-first heap   total 933888K, used 197076K [0x0000000601400000, 0x0000000800000000)
  region size 4096K, 9 young (36864K), 9 survivors (36864K)
 Metaspace       used 2844K, committed 3008K, reserved 1114112K
  class space    used 253K, committed 320K, reserved 1048576K

Heap Regions: E=young(eden), S=young(survivor), O=old, HS=humongous(starts), HC=humongous(continues), CS=collection set, F=free, TAMS=top-at-mark-start, PB=parsable bottom
|   0|0x0000000601400000, 0x0000000601800000, 0x0000000601800000|100%| O|  |TAMS 0x0000000601400000| PB 0x0000000601400000| Untracked 
|   1|0x0000000601800000, 0x0000000601c00000, 0x0000000601c00000|100%| O|  |TAMS 0x0000000601800000| PB 0x0000000601800000| Untracked 
|   2|0x0000000601c00000, 0x0000000602000000, 0x0000000602000000|100%| O|  |TAMS 0x0000000601c00000| PB 0x0000000601c00000| Untracked 
|   3|0x0000000602000000, 0x0000000602400000, 0x0000000602400000|100%| O|  |TAMS 0x0000000602000000| PB 0x0000000602000000| Untracked 
|   4|0x0000000602400000, 0x0000000602800000, 0x0000000602800000|100%| O|  |TAMS 0x0000000602400000| PB 0x0000000602400000| Untracked 
|   5|0x0000000602800000, 0x0000000602c00000, 0x0000000602c00000|100%| O|  |TAMS 0x0000000602800000| PB 0x0000000602800000| Untracked 
|   6|0x0000000602c00000, 0x0000000603000000, 0x0000000603000000|100%|HS|  |TAMS 0x0000000602c00000| PB 0x0000000602c00000| Complete 
|   7|0x0000000603000000, 0x0000000603400000, 0x0000000603400000|100%| O|  |TAMS 0x0000000603000000| PB 0x0000000603000000| Untracked 
|   8|0x0000000603400000, 0x0000000603800000, 0x0000000603800000|100%| O|  |TAMS 0x0000000603400000| PB 0x0000000603400000| Untracked 
|   9|0x0000000603800000, 0x0000000603c00000, 0x0000000603c00000|100%| O|  |TAMS 0x0000000603800000| PB 0x0000000603800000| Untracked 
|  10|0x0000000603c00000, 0x0000000604000000, 0x0000000604000000|100%| O|  |TAMS 0x0000000603c00000| PB 0x0000000603c00000| Untracked 
|  11|0x0000000604000000, 0x0000000604400000, 0x0000000604400000|100%|HS|  |TAMS 0x0000000604000000| PB 0x0000000604000000| Complete 
|  12|0x0000000604400000, 0x0000000604800000, 0x0000000604800000|100%| O|  |TAMS 0x0000000604400000| PB 0x0000000604400000| Untracked 
|  13|0x0000000604800000, 0x0000000604c00000, 0x0000000604c00000|100%| O|  |TAMS 0x0000000604800000| PB 0x0000000604800000| Untracked 
|  14|0x0000000604c00000, 0x0000000605000000, 0x0000000605000000|100%| O|  |TAMS 0x0000000604c00000| PB 0x0000000604c00000| Untracked 
|  15|0x0000000605000000, 0x0000000605400000, 0x0000000605400000|100%| O|  |TAMS 0x0000000605000000| PB 0x0000000605000000| Untracked 
|  16|0x0000000605400000, 0x0000000605800000, 0x0000000605800000|100%|HS|  |TAMS 0x0000000605400000| PB 0x0000000605400000| Complete 
|  17|0x0000000605800000, 0x0000000605c00000, 0x0000000605c00000|100%|HC|  |TAMS 0x0000000605800000| PB 0x0000000605800000| Complete 
|  18|0x0000000605c00000, 0x0000000606000000, 0x0000000606000000|100%| O|  |TAMS 0x0000000605c00000| PB 0x0000000605c00000| Untracked 
|  19|0x0000000606000000, 0x0000000606400000, 0x0000000606400000|100%| O|  |TAMS 0x0000000606000000| PB 0x0000000606000000| Untracked 
|  20|0x0000000606400000, 0x0000000606800000, 0x0000000606800000|100%| O|  |TAMS 0x0000000606400000| PB 0x0000000606400000| Untracked 
|  21|0x0000000606800000, 0x0000000606c00000, 0x0000000606c00000|100%| O|  |TAMS 0x0000000606800000| PB 0x0000000606800000| Untracked 
|  22|0x0000000606c00000, 0x0000000607000000, 0x0000000607000000|100%| O|  |TAMS 0x0000000606c00000| PB 0x0000000606c00000| Untracked 
|  23|0x0000000607000000, 0x0000000607400000, 0x0000000607400000|100%|HS|  |TAMS 0x0000000607000000| PB 0x0000000607000000| Complete 
|  24|0x0000000607400000, 0x0000000607800000, 0x0000000607800000|100%|HC|  |TAMS 0x0000000607400000| PB 0x0000000607400000| Complete 
|  25|0x0000000607800000, 0x0000000607c00000, 0x0000000607c00000|100%| O|  |TAMS 0x0000000607800000| PB 0x0000000607800000| Untracked 
|  26|0x0000000607c00000, 0x0000000608000000, 0x0000000608000000|100%| O|  |TAMS 0x0000000607c00000| PB 0x0000000607c00000| Untracked 
|  27|0x0000000608000000, 0x0000000608400000, 0x0000000608400000|100%| O|  |TAMS 0x0000000608000000| PB 0x0000000608000000| Untracked 
|  28|0x0000000608400000, 0x0000000608800000, 0x0000000608800000|100%| O|  |TAMS 0x0000000608400000| PB 0x0000000608400000| Untracked 
|  29|0x0000000608800000, 0x0000000608c00000, 0x0000000608c00000|100%| O|  |TAMS 0x0000000608800000| PB 0x0000000608800000| Untracked 
|  30|0x0000000608c00000, 0x0000000609000000, 0x0000000609000000|100%| O|  |TAMS 0x0000000608c00000| PB 0x0000000608c00000| Untracked 
|  31|0x0000000609000000, 0x0000000609400000, 0x0000000609400000|100%| O|  |TAMS 0x0000000609000000| PB 0x0000000609000000| Untracked 
|  32|0x0000000609400000, 0x0000000609800000, 0x0000000609800000|100%| O|  |TAMS 0x0000000609400000| PB 0x0000000609400000| Untracked 
|  33|0x0000000609800000, 0x0000000609c00000, 0x0000000609c00000|100%| O|  |TAMS 0x0000000609800000| PB 0x0000000609800000| Untracked 
|  34|0x0000000609c00000, 0x000000060a000000, 0x000000060a000000|100%| O|  |TAMS 0x0000000609c00000| PB 0x0000000609c00000| Untracked 
|  35|0x000000060a000000, 0x000000060a400000, 0x000000060a400000|100%| O|  |TAMS 0x000000060a000000| PB 0x000000060a000000| Untracked 
|  36|0x000000060a400000, 0x000000060a800000, 0x000000060a800000|100%| O|  |TAMS 0x000000060a400000| PB 0x000000060a400000| Untracked 
|  37|0x000000060a800000, 0x000000060ac00000, 0x000000060ac00000|100%| O|  |TAMS 0x000000060a800000| PB 0x000000060a800000| Untracked 
|  38|0x000000060ac00000, 0x000000060b000000, 0x000000060b000000|100%| O|  |TAMS 0x000000060ac00000| PB 0x000000060ac00000| Untracked 
|  39|0x000000060b000000, 0x000000060b075308, 0x000000060b400000| 11%| O|  |TAMS 0x000000060b000000| PB 0x000000060b000000| Untracked 
|  40|0x000000060b400000, 0x000000060b400000, 0x000000060b800000|  0%| F|  |TAMS 0x000000060b400000| PB 0x000000060b400000| Untracked 
|  41|0x000000060b800000, 0x000000060b800000, 0x000000060bc00000|  0%| F|  |TAMS 0x000000060b800000| PB 0x000000060b800000| Untracked 
|  42|0x000000060bc00000, 0x000000060bc00000, 0x000000060c000000|  0%| F|  |TAMS 0x000000060bc00000| PB 0x000000060bc00000| Untracked 
|  43|0x000000060c000000, 0x000000060c000000, 0x000000060c400000|  0%| F|  |TAMS 0x000000060c000000| PB 0x000000060c000000| Untracked 
|  44|0x000000060c400000, 0x000000060c400000, 0x000000060c800000|  0%| F|  |TAMS 0x000000060c400000| PB 0x000000060c400000| Untracked 
|  45|0x000000060c800000, 0x000000060c800000, 0x000000060cc00000|  0%| F|  |TAMS 0x000000060c800000| PB 0x000000060c800000| Untracked 
|  46|0x000000060cc00000, 0x000000060cc00000, 0x000000060d000000|  0%| F|  |TAMS 0x000000060cc00000| PB 0x000000060cc00000| Untracked 
|  47|0x000000060d000000, 0x000000060d000000, 0x000000060d400000|  0%| F|  |TAMS 0x000000060d000000| PB 0x000000060d000000| Untracked 
|  48|0x000000060d400000, 0x000000060d400000, 0x000000060d800000|  0%| F|  |TAMS 0x000000060d400000| PB 0x000000060d400000| Untracked 
|  49|0x000000060d800000, 0x000000060d800000, 0x000000060dc00000|  0%| F|  |TAMS 0x000000060d800000| PB 0x000000060d800000| Untracked 
|  50|0x000000060dc00000, 0x000000060dc00000, 0x000000060e000000|  0%| F|  |TAMS 0x000000060dc00000| PB 0x000000060dc00000| Untracked 
|  51|0x000000060e000000, 0x000000060e000000, 0x000000060e400000|  0%| F|  |TAMS 0x000000060e000000| PB 0x000000060e000000| Untracked 
|  52|0x000000060e400000, 0x000000060e400000, 0x000000060e800000|  0%| F|  |TAMS 0x000000060e400000| PB 0x000000060e400000| Untracked 
|  53|0x000000060e800000, 0x000000060e800000, 0x000000060ec00000|  0%| F|  |TAMS 0x000000060e800000| PB 0x000000060e800000| Untracked 
|  54|0x000000060ec00000, 0x000000060ec00000, 0x000000060f000000|  0%| F|  |TAMS 0x000000060ec00000| PB 0x000000060ec00000| Untracked 
|  55|0x000000060f000000, 0x000000060f000000, 0x000000060f400000|  0%| F|  |TAMS 0x000000060f000000| PB 0x000000060f000000| Untracked 
|  56|0x000000060f400000, 0x000000060f400000, 0x000000060f800000|  0%| F|  |TAMS 0x000000060f400000| PB 0x000000060f400000| Untracked 
|  57|0x000000060f800000, 0x000000060f800000, 0x000000060fc00000|  0%| F|  |TAMS 0x000000060f800000| PB 0x000000060f800000| Untracked 
|  58|0x000000060fc00000, 0x000000060fc00000, 0x0000000610000000|  0%| F|  |TAMS 0x000000060fc00000| PB 0x000000060fc00000| Untracked 
|  59|0x0000000610000000, 0x0000000610000000, 0x0000000610400000|  0%| F|  |TAMS 0x0000000610000000| PB 0x0000000610000000| Untracked 
|  60|0x0000000610400000, 0x0000000610400000, 0x0000000610800000|  0%| F|  |TAMS 0x0000000610400000| PB 0x0000000610400000| Untracked 
|  61|0x0000000610800000, 0x0000000610800000, 0x0000000610c00000|  0%| F|  |TAMS 0x0000000610800000| PB 0x0000000610800000| Untracked 
|  62|0x0000000610c00000, 0x0000000610c00000, 0x0000000611000000|  0%| F|  |TAMS 0x0000000610c00000| PB 0x0000000610c00000| Untracked 
|  63|0x0000000611000000, 0x0000000611000000, 0x0000000611400000|  0%| F|  |TAMS 0x0000000611000000| PB 0x0000000611000000| Untracked 
|  64|0x0000000611400000, 0x0000000611400000, 0x0000000611800000|  0%| F|  |TAMS 0x0000000611400000| PB 0x0000000611400000| Untracked 
|  65|0x0000000611800000, 0x0000000611800000, 0x0000000611c00000|  0%| F|  |TAMS 0x0000000611800000| PB 0x0000000611800000| Untracked 
|  66|0x0000000611c00000, 0x0000000611c00000, 0x0000000612000000|  0%| F|  |TAMS 0x0000000611c00000| PB 0x0000000611c00000| Untracked 
|  67|0x0000000612000000, 0x0000000612000000, 0x0000000612400000|  0%| F|  |TAMS 0x0000000612000000| PB 0x0000000612000000| Untracked 
|  68|0x0000000612400000, 0x0000000612400000, 0x0000000612800000|  0%| F|  |TAMS 0x0000000612400000| PB 0x0000000612400000| Untracked 
|  69|0x0000000612800000, 0x0000000612800000, 0x0000000612c00000|  0%| F|  |TAMS 0x0000000612800000| PB 0x0000000612800000| Untracked 
|  70|0x0000000612c00000, 0x0000000612c00000, 0x0000000613000000|  0%| F|  |TAMS 0x0000000612c00000| PB 0x0000000612c00000| Untracked 
|  71|0x0000000613000000, 0x0000000613000000, 0x0000000613400000|  0%| F|  |TAMS 0x0000000613000000| PB 0x0000000613000000| Untracked 
|  72|0x0000000613400000, 0x0000000613400000, 0x0000000613800000|  0%| F|  |TAMS 0x0000000613400000| PB 0x0000000613400000| Untracked 
|  73|0x0000000613800000, 0x0000000613800000, 0x0000000613c00000|  0%| F|  |TAMS 0x0000000613800000| PB 0x0000000613800000| Untracked 
|  74|0x0000000613c00000, 0x0000000613c00000, 0x0000000614000000|  0%| F|  |TAMS 0x0000000613c00000| PB 0x0000000613c00000| Untracked 
|  75|0x0000000614000000, 0x0000000614000000, 0x0000000614400000|  0%| F|  |TAMS 0x0000000614000000| PB 0x0000000614000000| Untracked 
|  76|0x0000000614400000, 0x0000000614400000, 0x0000000614800000|  0%| F|  |TAMS 0x0000000614400000| PB 0x0000000614400000| Untracked 
|  77|0x0000000614800000, 0x0000000614800000, 0x0000000614c00000|  0%| F|  |TAMS 0x0000000614800000| PB 0x0000000614800000| Untracked 
|  78|0x0000000614c00000, 0x0000000614c00000, 0x0000000615000000|  0%| F|  |TAMS 0x0000000614c00000| PB 0x0000000614c00000| Untracked 
|  79|0x0000000615000000, 0x0000000615000000, 0x0000000615400000|  0%| F|  |TAMS 0x0000000615000000| PB 0x0000000615000000| Untracked 
|  80|0x0000000615400000, 0x0000000615400000, 0x0000000615800000|  0%| F|  |TAMS 0x0000000615400000| PB 0x0000000615400000| Untracked 
|  81|0x0000000615800000, 0x0000000615800000, 0x0000000615c00000|  0%| F|  |TAMS 0x0000000615800000| PB 0x0000000615800000| Untracked 
|  82|0x0000000615c00000, 0x0000000615c00000, 0x0000000616000000|  0%| F|  |TAMS 0x0000000615c00000| PB 0x0000000615c00000| Untracked 
|  83|0x0000000616000000, 0x0000000616000000, 0x0000000616400000|  0%| F|  |TAMS 0x0000000616000000| PB 0x0000000616000000| Untracked 
|  84|0x0000000616400000, 0x0000000616400000, 0x0000000616800000|  0%| F|  |TAMS 0x0000000616400000| PB 0x0000000616400000| Untracked 
|  85|0x0000000616800000, 0x0000000616800000, 0x0000000616c00000|  0%| F|  |TAMS 0x0000000616800000| PB 0x0000000616800000| Untracked 
|  86|0x0000000616c00000, 0x0000000616c00000, 0x0000000617000000|  0%| F|  |TAMS 0x0000000616c00000| PB 0x0000000616c00000| Untracked 
|  87|0x0000000617000000, 0x0000000617000000, 0x0000000617400000|  0%| F|  |TAMS 0x0000000617000000| PB 0x0000000617000000| Untracked 
|  88|0x0000000617400000, 0x0000000617400000, 0x0000000617800000|  0%| F|  |TAMS 0x0000000617400000| PB 0x0000000617400000| Untracked 
|  89|0x0000000617800000, 0x0000000617800000, 0x0000000617c00000|  0%| F|  |TAMS 0x0000000617800000| PB 0x0000000617800000| Untracked 
|  90|0x0000000617c00000, 0x0000000617c00000, 0x0000000618000000|  0%| F|  |TAMS 0x0000000617c00000| PB 0x0000000617c00000| Untracked 
|  91|0x0000000618000000, 0x0000000618000000, 0x0000000618400000|  0%| F|  |TAMS 0x0000000618000000| PB 0x0000000618000000| Untracked 
|  92|0x0000000618400000, 0x0000000618400000, 0x0000000618800000|  0%| F|  |TAMS 0x0000000618400000| PB 0x0000000618400000| Untracked 
|  93|0x0000000618800000, 0x0000000618800000, 0x0000000618c00000|  0%| F|  |TAMS 0x0000000618800000| PB 0x0000000618800000| Untracked 
|  94|0x0000000618c00000, 0x0000000618c00000, 0x0000000619000000|  0%| F|  |TAMS 0x0000000618c00000| PB 0x0000000618c00000| Untracked 
|  95|0x0000000619000000, 0x0000000619000000, 0x0000000619400000|  0%| F|  |TAMS 0x0000000619000000| PB 0x0000000619000000| Untracked 
|  96|0x0000000619400000, 0x0000000619400000, 0x0000000619800000|  0%| F|  |TAMS 0x0000000619400000| PB 0x0000000619400000| Untracked 
|  97|0x0000000619800000, 0x0000000619800000, 0x0000000619c00000|  0%| F|  |TAMS 0x0000000619800000| PB 0x0000000619800000| Untracked 
|  98|0x0000000619c00000, 0x0000000619c00000, 0x000000061a000000|  0%| F|  |TAMS 0x0000000619c00000| PB 0x0000000619c00000| Untracked 
|  99|0x000000061a000000, 0x000000061a000000, 0x000000061a400000|  0%| F|  |TAMS 0x000000061a000000| PB 0x000000061a000000| Untracked 
| 100|0x000000061a400000, 0x000000061a400000, 0x000000061a800000|  0%| F|  |TAMS 0x000000061a400000| PB 0x000000061a400000| Untracked 
| 101|0x000000061a800000, 0x000000061a800000, 0x000000061ac00000|  0%| F|  |TAMS 0x000000061a800000| PB 0x000000061a800000| Untracked 
| 102|0x000000061ac00000, 0x000000061ac00000, 0x000000061b000000|  0%| F|  |TAMS 0x000000061ac00000| PB 0x000000061ac00000| Untracked 
| 103|0x000000061b000000, 0x000000061b000000, 0x000000061b400000|  0%| F|  |TAMS 0x000000061b000000| PB 0x000000061b000000| Untracked 
| 104|0x000000061b400000, 0x000000061b400000, 0x000000061b800000|  0%| F|  |TAMS 0x000000061b400000| PB 0x000000061b400000| Untracked 
| 105|0x000000061b800000, 0x000000061b800000, 0x000000061bc00000|  0%| F|  |TAMS 0x000000061b800000| PB 0x000000061b800000| Untracked 
| 106|0x000000061bc00000, 0x000000061bc00000, 0x000000061c000000|  0%| F|  |TAMS 0x000000061bc00000| PB 0x000000061bc00000| Untracked 
| 107|0x000000061c000000, 0x000000061c000000, 0x000000061c400000|  0%| F|  |TAMS 0x000000061c000000| PB 0x000000061c000000| Untracked 
| 108|0x000000061c400000, 0x000000061c400000, 0x000000061c800000|  0%| F|  |TAMS 0x000000061c400000| PB 0x000000061c400000| Untracked 
| 109|0x000000061c800000, 0x000000061c800000, 0x000000061cc00000|  0%| F|  |TAMS 0x000000061c800000| PB 0x000000061c800000| Untracked 
| 110|0x000000061cc00000, 0x000000061cc00000, 0x000000061d000000|  0%| F|  |TAMS 0x000000061cc00000| PB 0x000000061cc00000| Untracked 
| 111|0x000000061d000000, 0x000000061d000000, 0x000000061d400000|  0%| F|  |TAMS 0x000000061d000000| PB 0x000000061d000000| Untracked 
| 112|0x000000061d400000, 0x000000061d400000, 0x000000061d800000|  0%| F|  |TAMS 0x000000061d400000| PB 0x000000061d400000| Untracked 
| 113|0x000000061d800000, 0x000000061d800000, 0x000000061dc00000|  0%| F|  |TAMS 0x000000061d800000| PB 0x000000061d800000| Untracked 
| 114|0x000000061dc00000, 0x000000061dc00000, 0x000000061e000000|  0%| F|  |TAMS 0x000000061dc00000| PB 0x000000061dc00000| Untracked 
| 115|0x000000061e000000, 0x000000061e000000, 0x000000061e400000|  0%| F|  |TAMS 0x000000061e000000| PB 0x000000061e000000| Untracked 
| 116|0x000000061e400000, 0x000000061e400000, 0x000000061e800000|  0%| F|  |TAMS 0x000000061e400000| PB 0x000000061e400000| Untracked 
| 117|0x000000061e800000, 0x000000061e800000, 0x000000061ec00000|  0%| F|  |TAMS 0x000000061e800000| PB 0x000000061e800000| Untracked 
| 118|0x000000061ec00000, 0x000000061ec00000, 0x000000061f000000|  0%| F|  |TAMS 0x000000061ec00000| PB 0x000000061ec00000| Untracked 
| 119|0x000000061f000000, 0x000000061f000000, 0x000000061f400000|  0%| F|  |TAMS 0x000000061f000000| PB 0x000000061f000000| Untracked 
| 120|0x000000061f400000, 0x000000061f400000, 0x000000061f800000|  0%| F|  |TAMS 0x000000061f400000| PB 0x000000061f400000| Untracked 
| 121|0x000000061f800000, 0x000000061f800000, 0x000000061fc00000|  0%| F|  |TAMS 0x000000061f800000| PB 0x000000061f800000| Untracked 
| 122|0x000000061fc00000, 0x000000061fc00000, 0x0000000620000000|  0%| F|  |TAMS 0x000000061fc00000| PB 0x000000061fc00000| Untracked 
| 123|0x0000000620000000, 0x0000000620000000, 0x0000000620400000|  0%| F|  |TAMS 0x0000000620000000| PB 0x0000000620000000| Untracked 
| 124|0x0000000620400000, 0x0000000620400000, 0x0000000620800000|  0%| F|  |TAMS 0x0000000620400000| PB 0x0000000620400000| Untracked 
| 125|0x0000000620800000, 0x0000000620800000, 0x0000000620c00000|  0%| F|  |TAMS 0x0000000620800000| PB 0x0000000620800000| Untracked 
| 126|0x0000000620c00000, 0x0000000620c00000, 0x0000000621000000|  0%| F|  |TAMS 0x0000000620c00000| PB 0x0000000620c00000| Untracked 
| 127|0x0000000621000000, 0x0000000621000000, 0x0000000621400000|  0%| F|  |TAMS 0x0000000621000000| PB 0x0000000621000000| Untracked 
| 128|0x0000000621400000, 0x0000000621400000, 0x0000000621800000|  0%| F|  |TAMS 0x0000000621400000| PB 0x0000000621400000| Untracked 
| 129|0x0000000621800000, 0x0000000621800000, 0x0000000621c00000|  0%| F|  |TAMS 0x0000000621800000| PB 0x0000000621800000| Untracked 
| 130|0x0000000621c00000, 0x0000000621c00000, 0x0000000622000000|  0%| F|  |TAMS 0x0000000621c00000| PB 0x0000000621c00000| Untracked 
| 131|0x0000000622000000, 0x0000000622000000, 0x0000000622400000|  0%| F|  |TAMS 0x0000000622000000| PB 0x0000000622000000| Untracked 
| 132|0x0000000622400000, 0x0000000622400000, 0x0000000622800000|  0%| F|  |TAMS 0x0000000622400000| PB 0x0000000622400000| Untracked 
| 133|0x0000000622800000, 0x0000000622800000, 0x0000000622c00000|  0%| F|  |TAMS 0x0000000622800000| PB 0x0000000622800000| Untracked 
| 134|0x0000000622c00000, 0x0000000622c00000, 0x0000000623000000|  0%| F|  |TAMS 0x0000000622c00000| PB 0x0000000622c00000| Untracked 
| 135|0x0000000623000000, 0x0000000623000000, 0x0000000623400000|  0%| F|  |TAMS 0x0000000623000000| PB 0x0000000623000000| Untracked 
| 136|0x0000000623400000, 0x0000000623400000, 0x0000000623800000|  0%| F|  |TAMS 0x0000000623400000| PB 0x0000000623400000| Untracked 
| 137|0x0000000623800000, 0x0000000623800000, 0x0000000623c00000|  0%| F|  |TAMS 0x0000000623800000| PB 0x0000000623800000| Untracked 
| 138|0x0000000623c00000, 0x0000000623c00000, 0x0000000624000000|  0%| F|  |TAMS 0x0000000623c00000| PB 0x0000000623c00000| Untracked 
| 139|0x0000000624000000, 0x0000000624000000, 0x0000000624400000|  0%| F|  |TAMS 0x0000000624000000| PB 0x0000000624000000| Untracked 
| 140|0x0000000624400000, 0x0000000624400000, 0x0000000624800000|  0%| F|  |TAMS 0x0000000624400000| PB 0x0000000624400000| Untracked 
| 141|0x0000000624800000, 0x0000000624800000, 0x0000000624c00000|  0%| F|  |TAMS 0x0000000624800000| PB 0x0000000624800000| Untracked 
| 142|0x0000000624c00000, 0x0000000624c00000, 0x0000000625000000|  0%| F|  |TAMS 0x0000000624c00000| PB 0x0000000624c00000| Untracked 
| 143|0x0000000625000000, 0x0000000625000000, 0x0000000625400000|  0%| F|  |TAMS 0x0000000625000000| PB 0x0000000625000000| Untracked 
| 144|0x0000000625400000, 0x0000000625400000, 0x0000000625800000|  0%| F|  |TAMS 0x0000000625400000| PB 0x0000000625400000| Untracked 
| 145|0x0000000625800000, 0x0000000625800000, 0x0000000625c00000|  0%| F|  |TAMS 0x0000000625800000| PB 0x0000000625800000| Untracked 
| 146|0x0000000625c00000, 0x0000000625c00000, 0x0000000626000000|  0%| F|  |TAMS 0x0000000625c00000| PB 0x0000000625c00000| Untracked 
| 147|0x0000000626000000, 0x0000000626000000, 0x0000000626400000|  0%| F|  |TAMS 0x0000000626000000| PB 0x0000000626000000| Untracked 
| 148|0x0000000626400000, 0x0000000626400000, 0x0000000626800000|  0%| F|  |TAMS 0x0000000626400000| PB 0x0000000626400000| Untracked 
| 149|0x0000000626800000, 0x0000000626800000, 0x0000000626c00000|  0%| F|  |TAMS 0x0000000626800000| PB 0x0000000626800000| Untracked 
| 150|0x0000000626c00000, 0x0000000626c00000, 0x0000000627000000|  0%| F|  |TAMS 0x0000000626c00000| PB 0x0000000626c00000| Untracked 
| 151|0x0000000627000000, 0x0000000627400000, 0x0000000627400000|100%| S|CS|TAMS 0x0000000627000000| PB 0x0000000627000000| Complete 
| 152|0x0000000627400000, 0x0000000627800000, 0x0000000627800000|100%| S|CS|TAMS 0x0000000627400000| PB 0x0000000627400000| Complete 
| 153|0x0000000627800000, 0x0000000627c00000, 0x0000000627c00000|100%| S|CS|TAMS 0x0000000627800000| PB 0x0000000627800000| Complete 
| 154|0x0000000627c00000, 0x0000000628000000, 0x0000000628000000|100%| S|CS|TAMS 0x0000000627c00000| PB 0x0000000627c00000| Complete 
| 155|0x0000000628000000, 0x0000000628400000, 0x0000000628400000|100%| S|CS|TAMS 0x0000000628000000| PB 0x0000000628000000| Complete 
| 156|0x0000000628400000, 0x0000000628800000, 0x0000000628800000|100%| S|CS|TAMS 0x0000000628400000| PB 0x0000000628400000| Complete 
| 157|0x0000000628800000, 0x0000000628c00000, 0x0000000628c00000|100%| S|CS|TAMS 0x0000000628800000| PB 0x0000000628800000| Complete 
| 158|0x0000000628c00000, 0x0000000629000000, 0x0000000629000000|100%| S|CS|TAMS 0x0000000628c00000| PB 0x0000000628c00000| Complete 
| 159|0x0000000629000000, 0x0000000629400000, 0x0000000629400000|100%| S|CS|TAMS 0x0000000629000000| PB 0x0000000629000000| Complete 
| 160|0x0000000629400000, 0x0000000629400000, 0x0000000629800000|  0%| F|  |TAMS 0x0000000629400000| PB 0x0000000629400000| Untracked 
| 161|0x0000000629800000, 0x0000000629800000, 0x0000000629c00000|  0%| F|  |TAMS 0x0000000629800000| PB 0x0000000629800000| Untracked 
| 162|0x0000000629c00000, 0x0000000629c00000, 0x000000062a000000|  0%| F|  |TAMS 0x0000000629c00000| PB 0x0000000629c00000| Untracked 
| 163|0x000000062a000000, 0x000000062a000000, 0x000000062a400000|  0%| F|  |TAMS 0x000000062a000000| PB 0x000000062a000000| Untracked 
| 164|0x000000062a400000, 0x000000062a400000, 0x000000062a800000|  0%| F|  |TAMS 0x000000062a400000| PB 0x000000062a400000| Untracked 
| 165|0x000000062a800000, 0x000000062a800000, 0x000000062ac00000|  0%| F|  |TAMS 0x000000062a800000| PB 0x000000062a800000| Untracked 
| 166|0x000000062ac00000, 0x000000062ac00000, 0x000000062b000000|  0%| F|  |TAMS 0x000000062ac00000| PB 0x000000062ac00000| Untracked 
| 167|0x000000062b000000, 0x000000062b000000, 0x000000062b400000|  0%| F|  |TAMS 0x000000062b000000| PB 0x000000062b000000| Untracked 
| 168|0x000000062b400000, 0x000000062b400000, 0x000000062b800000|  0%| F|  |TAMS 0x000000062b400000| PB 0x000000062b400000| Untracked 
| 169|0x000000062b800000, 0x000000062b800000, 0x000000062bc00000|  0%| F|  |TAMS 0x000000062b800000| PB 0x000000062b800000| Untracked 
| 170|0x000000062bc00000, 0x000000062bc00000, 0x000000062c000000|  0%| F|  |TAMS 0x000000062bc00000| PB 0x000000062bc00000| Untracked 
| 171|0x000000062c000000, 0x000000062c000000, 0x000000062c400000|  0%| F|  |TAMS 0x000000062c000000| PB 0x000000062c000000| Untracked 
| 172|0x000000062c400000, 0x000000062c400000, 0x000000062c800000|  0%| F|  |TAMS 0x000000062c400000| PB 0x000000062c400000| Untracked 
| 173|0x000000062c800000, 0x000000062c800000, 0x000000062cc00000|  0%| F|  |TAMS 0x000000062c800000| PB 0x000000062c800000| Untracked 
| 174|0x000000062cc00000, 0x000000062cc00000, 0x000000062d000000|  0%| F|  |TAMS 0x000000062cc00000| PB 0x000000062cc00000| Untracked 
| 175|0x000000062d000000, 0x000000062d000000, 0x000000062d400000|  0%| F|  |TAMS 0x000000062d000000| PB 0x000000062d000000| Untracked 
| 176|0x000000062d400000, 0x000000062d400000, 0x000000062d800000|  0%| F|  |TAMS 0x000000062d400000| PB 0x000000062d400000| Untracked 
| 177|0x000000062d800000, 0x000000062d800000, 0x000000062dc00000|  0%| F|  |TAMS 0x000000062d800000| PB 0x000000062d800000| Untracked 
| 178|0x000000062dc00000, 0x000000062dc00000, 0x000000062e000000|  0%| F|  |TAMS 0x000000062dc00000| PB 0x000000062dc00000| Untracked 
| 179|0x000000062e000000, 0x000000062e000000, 0x000000062e400000|  0%| F|  |TAMS 0x000000062e000000| PB 0x000000062e000000| Untracked 
| 180|0x000000062e400000, 0x000000062e400000, 0x000000062e800000|  0%| F|  |TAMS 0x000000062e400000| PB 0x000000062e400000| Untracked 
| 181|0x000000062e800000, 0x000000062e800000, 0x000000062ec00000|  0%| F|  |TAMS 0x000000062e800000| PB 0x000000062e800000| Untracked 
| 182|0x000000062ec00000, 0x000000062ec00000, 0x000000062f000000|  0%| F|  |TAMS 0x000000062ec00000| PB 0x000000062ec00000| Untracked 
| 183|0x000000062f000000, 0x000000062f000000, 0x000000062f400000|  0%| F|  |TAMS 0x000000062f000000| PB 0x000000062f000000| Untracked 
| 184|0x000000062f400000, 0x000000062f400000, 0x000000062f800000|  0%| F|  |TAMS 0x000000062f400000| PB 0x000000062f400000| Untracked 
| 185|0x000000062f800000, 0x000000062f800000, 0x000000062fc00000|  0%| F|  |TAMS 0x000000062f800000| PB 0x000000062f800000| Untracked 
| 186|0x000000062fc00000, 0x000000062fc00000, 0x0000000630000000|  0%| F|  |TAMS 0x000000062fc00000| PB 0x000000062fc00000| Untracked 
| 187|0x0000000630000000, 0x0000000630000000, 0x0000000630400000|  0%| F|  |TAMS 0x0000000630000000| PB 0x0000000630000000| Untracked 
| 188|0x0000000630400000, 0x0000000630400000, 0x0000000630800000|  0%| F|  |TAMS 0x0000000630400000| PB 0x0000000630400000| Untracked 
| 189|0x0000000630800000, 0x0000000630800000, 0x0000000630c00000|  0%| F|  |TAMS 0x0000000630800000| PB 0x0000000630800000| Untracked 
| 190|0x0000000630c00000, 0x0000000630c00000, 0x0000000631000000|  0%| F|  |TAMS 0x0000000630c00000| PB 0x0000000630c00000| Untracked 
| 191|0x0000000631000000, 0x0000000631000000, 0x0000000631400000|  0%| F|  |TAMS 0x0000000631000000| PB 0x0000000631000000| Untracked 
| 192|0x0000000631400000, 0x0000000631400000, 0x0000000631800000|  0%| F|  |TAMS 0x0000000631400000| PB 0x0000000631400000| Untracked 
| 193|0x0000000631800000, 0x0000000631800000, 0x0000000631c00000|  0%| F|  |TAMS 0x0000000631800000| PB 0x0000000631800000| Untracked 
| 194|0x0000000631c00000, 0x0000000631c00000, 0x0000000632000000|  0%| F|  |TAMS 0x0000000631c00000| PB 0x0000000631c00000| Untracked 
| 195|0x0000000632000000, 0x0000000632000000, 0x0000000632400000|  0%| F|  |TAMS 0x0000000632000000| PB 0x0000000632000000| Untracked 
| 196|0x0000000632400000, 0x0000000632400000, 0x0000000632800000|  0%| F|  |TAMS 0x0000000632400000| PB 0x0000000632400000| Untracked 
| 197|0x0000000632800000, 0x0000000632800000, 0x0000000632c00000|  0%| F|  |TAMS 0x0000000632800000| PB 0x0000000632800000| Untracked 
| 198|0x0000000632c00000, 0x0000000632c00000, 0x0000000633000000|  0%| F|  |TAMS 0x0000000632c00000| PB 0x0000000632c00000| Untracked 
| 199|0x0000000633000000, 0x0000000633000000, 0x0000000633400000|  0%| F|  |TAMS 0x0000000633000000| PB 0x0000000633000000| Untracked 
| 200|0x0000000633400000, 0x0000000633400000, 0x0000000633800000|  0%| F|  |TAMS 0x0000000633400000| PB 0x0000000633400000| Untracked 
| 201|0x0000000633800000, 0x0000000633800000, 0x0000000633c00000|  0%| F|  |TAMS 0x0000000633800000| PB 0x0000000633800000| Untracked 
| 202|0x0000000633c00000, 0x0000000633c00000, 0x0000000634000000|  0%| F|  |TAMS 0x0000000633c00000| PB 0x0000000633c00000| Untracked 
| 203|0x0000000634000000, 0x0000000634000000, 0x0000000634400000|  0%| F|  |TAMS 0x0000000634000000| PB 0x0000000634000000| Untracked 
| 204|0x0000000634400000, 0x0000000634400000, 0x0000000634800000|  0%| F|  |TAMS 0x0000000634400000| PB 0x0000000634400000| Untracked 
| 205|0x0000000634800000, 0x0000000634800000, 0x0000000634c00000|  0%| F|  |TAMS 0x0000000634800000| PB 0x0000000634800000| Untracked 
| 206|0x0000000634c00000, 0x0000000634c00000, 0x0000000635000000|  0%| F|  |TAMS 0x0000000634c00000| PB 0x0000000634c00000| Untracked 
| 207|0x0000000635000000, 0x0000000635000000, 0x0000000635400000|  0%| F|  |TAMS 0x0000000635000000| PB 0x0000000635000000| Untracked 
| 208|0x0000000635400000, 0x0000000635400000, 0x0000000635800000|  0%| F|  |TAMS 0x0000000635400000| PB 0x0000000635400000| Untracked 
| 209|0x0000000635800000, 0x0000000635800000, 0x0000000635c00000|  0%| F|  |TAMS 0x0000000635800000| PB 0x0000000635800000| Untracked 
| 210|0x0000000635c00000, 0x0000000635c00000, 0x0000000636000000|  0%| F|  |TAMS 0x0000000635c00000| PB 0x0000000635c00000| Untracked 
| 211|0x0000000636000000, 0x0000000636000000, 0x0000000636400000|  0%| F|  |TAMS 0x0000000636000000| PB 0x0000000636000000| Untracked 
| 212|0x0000000636400000, 0x0000000636400000, 0x0000000636800000|  0%| F|  |TAMS 0x0000000636400000| PB 0x0000000636400000| Untracked 
| 213|0x0000000636800000, 0x0000000636800000, 0x0000000636c00000|  0%| F|  |TAMS 0x0000000636800000| PB 0x0000000636800000| Untracked 
| 214|0x0000000636c00000, 0x0000000636c00000, 0x0000000637000000|  0%| F|  |TAMS 0x0000000636c00000| PB 0x0000000636c00000| Untracked 
| 215|0x0000000637000000, 0x0000000637000000, 0x0000000637400000|  0%| F|  |TAMS 0x0000000637000000| PB 0x0000000637000000| Untracked 
| 216|0x0000000637400000, 0x0000000637400000, 0x0000000637800000|  0%| F|  |TAMS 0x0000000637400000| PB 0x0000000637400000| Untracked 
| 217|0x0000000637800000, 0x0000000637800000, 0x0000000637c00000|  0%| F|  |TAMS 0x0000000637800000| PB 0x0000000637800000| Untracked 
| 218|0x0000000637c00000, 0x0000000637c00000, 0x0000000638000000|  0%| F|  |TAMS 0x0000000637c00000| PB 0x0000000637c00000| Untracked 
| 219|0x0000000638000000, 0x0000000638000000, 0x0000000638400000|  0%| F|  |TAMS 0x0000000638000000| PB 0x0000000638000000| Untracked 
| 220|0x0000000638400000, 0x0000000638400000, 0x0000000638800000|  0%| F|  |TAMS 0x0000000638400000| PB 0x0000000638400000| Untracked 
| 221|0x0000000638800000, 0x0000000638800000, 0x0000000638c00000|  0%| F|  |TAMS 0x0000000638800000| PB 0x0000000638800000| Untracked 
| 222|0x0000000638c00000, 0x0000000638c00000, 0x0000000639000000|  0%| F|  |TAMS 0x0000000638c00000| PB 0x0000000638c00000| Untracked 
| 223|0x0000000639000000, 0x0000000639000000, 0x0000000639400000|  0%| F|  |TAMS 0x0000000639000000| PB 0x0000000639000000| Untracked 
| 224|0x0000000639400000, 0x0000000639400000, 0x0000000639800000|  0%| F|  |TAMS 0x0000000639400000| PB 0x0000000639400000| Untracked 
| 225|0x0000000639800000, 0x0000000639800000, 0x0000000639c00000|  0%| F|  |TAMS 0x0000000639800000| PB 0x0000000639800000| Untracked 
| 226|0x0000000639c00000, 0x0000000639c00000, 0x000000063a000000|  0%| F|  |TAMS 0x0000000639c00000| PB 0x0000000639c00000| Untracked 
| 227|0x000000063a000000, 0x000000063a000000, 0x000000063a400000|  0%| F|  |TAMS 0x000000063a000000| PB 0x000000063a000000| Untracked 

Card table byte_map: [0x00000214aaeb0000,0x00000214abeb0000] _byte_map_base: 0x00000214a7ea6000

Marking Bits: (CMBitMap*) 0x0000021496ee9f00
 Bits: [0x00000214abeb0000, 0x00000214b3e60000)

Polling page: 0x0000021494dc0000

Metaspace:

Usage:
  Non-class:      2.53 MB used.
      Class:    253.35 KB used.
       Both:      2.78 MB used.

Virtual space:
  Non-class space:       64.00 MB reserved,       2.62 MB (  4%) committed,  1 nodes.
      Class space:        1.00 GB reserved,     320.00 KB ( <1%) committed,  1 nodes.
             Both:        1.06 GB reserved,       2.94 MB ( <1%) committed. 

Chunk freelists:
   Non-Class:  11.72 MB
       Class:  15.70 MB
        Both:  27.42 MB

MaxMetaspaceSize: unlimited
CompressedClassSpaceSize: 1.00 GB
Initial GC threshold: 21.00 MB
Current GC threshold: 21.00 MB
CDS: on
 - commit_granule_bytes: 65536.
 - commit_granule_words: 8192.
 - virtual_space_node_default_size: 8388608.
 - enlarge_chunks_in_place: 1.
 - use_allocation_guard: 0.


Internal statistics:

num_allocs_failed_limit: 0.
num_arena_births: 30.
num_arena_deaths: 0.
num_vsnodes_births: 2.
num_vsnodes_deaths: 0.
num_space_committed: 47.
num_space_uncommitted: 0.
num_chunks_returned_to_freelist: 0.
num_chunks_taken_from_freelist: 46.
num_chunk_merges: 0.
num_chunk_splits: 33.
num_chunks_enlarged: 24.
num_inconsistent_stats: 0.

CodeHeap 'non-profiled nmethods': size=120000Kb used=349Kb max_used=349Kb free=119650Kb
 bounds [0x00000214a2430000, 0x00000214a26a0000, 0x00000214a9960000]
CodeHeap 'profiled nmethods': size=120000Kb used=897Kb max_used=897Kb free=119103Kb
 bounds [0x000002149a960000, 0x000002149abd0000, 0x00000214a1e90000]
CodeHeap 'non-nmethods': size=5760Kb used=1410Kb max_used=1455Kb free=4349Kb
 bounds [0x00000214a1e90000, 0x00000214a2100000, 0x00000214a2430000]
 total_blobs=1020 nmethods=569 adapters=356
 compilation: enabled
              stopped_count=0, restarted_count=0
 full_count=0

Compilation events (20 events):
Event: 0.758 Thread 0x00000214fc433a00  554       4       j0124.Stu::<init> (71 bytes)
Event: 0.759 Thread 0x00000214fc433a00 nmethod 554 0x00000214a2476290 code [0x00000214a2476420, 0x00000214a24765f8]
Event: 0.759 Thread 0x00000214fc433a00  555   !   4       java.io.BufferedReader::close (63 bytes)
Event: 0.765 Thread 0x00000214fc433a00 nmethod 555 0x00000214a2476690 code [0x00000214a2476860, 0x00000214a2476d30]
Event: 0.765 Thread 0x00000214fc433a00  556   !   4       java.io.BufferedReader::implClose (42 bytes)
Event: 0.765 Thread 0x00000214fc433a00 nmethod 556 0x00000214a2477110 code [0x00000214a24772a0, 0x00000214a2477350]
Event: 0.765 Thread 0x00000214fc433a00  553   !   4       sun.nio.cs.StreamDecoder::close (63 bytes)
Event: 0.769 Thread 0x00000214fc433a00 nmethod 553 0x00000214a2477410 code [0x00000214a24775e0, 0x00000214a2477aa8]
Event: 0.769 Thread 0x00000214b6bb0b70 nmethod 560% 0x00000214a2477e90 code [0x00000214a2478140, 0x00000214a2479f00]
Event: 0.769 Thread 0x00000214fc433a00  544       4       jdk.internal.misc.InternalLock::lock (8 bytes)
Event: 0.769 Thread 0x00000214b6bb0b70  545       4       jdk.internal.misc.InternalLock::unlock (8 bytes)
Event: 0.771 Thread 0x00000214fc433a00 nmethod 544 0x00000214a247ac90 code [0x00000214a247ae20, 0x00000214a247b030]
Event: 0.771 Thread 0x00000214b6bb0b70 nmethod 545 0x00000214a247b190 code [0x00000214a247b340, 0x00000214a247b5c0]
Event: 0.776 Thread 0x00000214fc3b13c0 nmethod 566 0x00000214a247b810 code [0x00000214a247bae0, 0x00000214a247dad0]
Event: 0.858 Thread 0x00000214b6bb1600  567 %     3       j0124.StuDeck::fileRead @ 34 (163 bytes)
Event: 0.859 Thread 0x00000214b6bb1600 nmethod 567% 0x000002149aa3b890 code [0x000002149aa3bc40, 0x000002149aa3d2b0]
Event: 0.859 Thread 0x00000214b6bb1600  568       3       j0124.StuDeck::fileRead (163 bytes)
Event: 0.860 Thread 0x00000214b6bb1600 nmethod 568 0x000002149aa3df90 code [0x000002149aa3e320, 0x000002149aa3f7e0]
Event: 0.916 Thread 0x00000214b6bb0b70  569 %     4       j0124.StuDeck::fileRead @ 34 (163 bytes)
Event: 1.344 Thread 0x00000214b6bb0b70 nmethod 569% 0x00000214a247f290 code [0x00000214a247f6c0, 0x00000214a24849d0]

GC Heap History (17 events):
Event: 0.629 GC heap before
{Heap before GC invocations=0 (full 0):
 garbage-first heap   total 524288K, used 24576K [0x0000000601400000, 0x0000000800000000)
  region size 4096K, 6 young (24576K), 0 survivors (0K)
 Metaspace       used 2837K, committed 3008K, reserved 1114112K
  class space    used 253K, committed 320K, reserved 1048576K
}
Event: 0.683 GC heap after
{Heap after GC invocations=1 (full 0):
 garbage-first heap   total 524288K, used 4168K [0x0000000601400000, 0x0000000800000000)
  region size 4096K, 1 young (4096K), 1 survivors (4096K)
 Metaspace       used 2837K, committed 3008K, reserved 1114112K
  class space    used 253K, committed 320K, reserved 1048576K
}
Event: 0.869 GC heap before
{Heap before GC invocations=1 (full 0):
 garbage-first heap   total 524288K, used 32840K [0x0000000601400000, 0x0000000800000000)
  region size 4096K, 8 young (32768K), 1 survivors (4096K)
 Metaspace       used 2844K, committed 3008K, reserved 1114112K
  class space    used 253K, committed 320K, reserved 1048576K
}
Event: 0.875 GC heap after
{Heap after GC invocations=2 (full 0):
 garbage-first heap   total 524288K, used 8546K [0x0000000601400000, 0x0000000800000000)
  region size 4096K, 1 young (4096K), 1 survivors (4096K)
 Metaspace       used 2844K, committed 3008K, reserved 1114112K
  class space    used 253K, committed 320K, reserved 1048576K
}
Event: 1.084 GC heap before
{Heap before GC invocations=2 (full 0):
 garbage-first heap   total 524288K, used 86370K [0x0000000601400000, 0x0000000800000000)
  region size 4096K, 20 young (81920K), 1 survivors (4096K)
 Metaspace       used 2844K, committed 3008K, reserved 1114112K
  class space    used 253K, committed 320K, reserved 1048576K
}
Event: 1.106 GC heap after
{Heap after GC invocations=3 (full 0):
 garbage-first heap   total 524288K, used 20892K [0x0000000601400000, 0x0000000800000000)
  region size 4096K, 3 young (12288K), 3 survivors (12288K)
 Metaspace       used 2844K, committed 3008K, reserved 1114112K
  class space    used 253K, committed 320K, reserved 1048576K
}
Event: 1.353 GC heap before
{Heap before GC invocations=3 (full 0):
 garbage-first heap   total 524288K, used 127388K [0x0000000601400000, 0x0000000800000000)
  region size 4096K, 29 young (118784K), 3 survivors (12288K)
 Metaspace       used 2844K, committed 3008K, reserved 1114112K
  class space    used 253K, committed 320K, reserved 1048576K
}
Event: 1.372 GC heap after
{Heap after GC invocations=4 (full 0):
 garbage-first heap   total 524288K, used 37717K [0x0000000601400000, 0x0000000800000000)
  region size 4096K, 4 young (16384K), 4 survivors (16384K)
 Metaspace       used 2844K, committed 3008K, reserved 1114112K
  class space    used 253K, committed 320K, reserved 1048576K
}
Event: 1.609 GC heap before
{Heap before GC invocations=4 (full 0):
 garbage-first heap   total 524288K, used 156501K [0x0000000601400000, 0x0000000800000000)
  region size 4096K, 32 young (131072K), 4 survivors (16384K)
 Metaspace       used 2844K, committed 3008K, reserved 1114112K
  class space    used 253K, committed 320K, reserved 1048576K
}
Event: 1.629 GC heap after
{Heap after GC invocations=5 (full 0):
 garbage-first heap   total 933888K, used 59528K [0x0000000601400000, 0x0000000800000000)
  region size 4096K, 4 young (16384K), 4 survivors (16384K)
 Metaspace       used 2844K, committed 3008K, reserved 1114112K
  class space    used 253K, committed 320K, reserved 1048576K
}
Event: 1.912 GC heap before
{Heap before GC invocations=5 (full 0):
 garbage-first heap   total 933888K, used 170120K [0x0000000601400000, 0x0000000800000000)
  region size 4096K, 30 young (122880K), 4 survivors (16384K)
 Metaspace       used 2844K, committed 3008K, reserved 1114112K
  class space    used 253K, committed 320K, reserved 1048576K
}
Event: 1.929 GC heap after
{Heap after GC invocations=6 (full 0):
 garbage-first heap   total 933888K, used 81461K [0x0000000601400000, 0x0000000800000000)
  region size 4096K, 4 young (16384K), 4 survivors (16384K)
 Metaspace       used 2844K, committed 3008K, reserved 1114112K
  class space    used 253K, committed 320K, reserved 1048576K
}
Event: 2.283 GC heap before
{Heap before GC invocations=6 (full 0):
 garbage-first heap   total 933888K, used 257589K [0x0000000601400000, 0x0000000800000000)
  region size 4096K, 45 young (184320K), 4 survivors (16384K)
 Metaspace       used 2844K, committed 3008K, reserved 1114112K
  class space    used 253K, committed 320K, reserved 1048576K
}
Event: 2.332 GC heap after
{Heap after GC invocations=7 (full 0):
 garbage-first heap   total 933888K, used 116272K [0x0000000601400000, 0x0000000800000000)
  region size 4096K, 6 young (24576K), 6 survivors (24576K)
 Metaspace       used 2844K, committed 3008K, reserved 1114112K
  class space    used 253K, committed 320K, reserved 1048576K
}
Event: 2.675 GC heap before
{Heap before GC invocations=7 (full 0):
 garbage-first heap   total 933888K, used 321072K [0x0000000601400000, 0x0000000800000000)
  region size 4096K, 54 young (221184K), 6 survivors (24576K)
 Metaspace       used 2844K, committed 3008K, reserved 1114112K
  class space    used 253K, committed 320K, reserved 1048576K
}
Event: 2.774 GC heap after
{Heap after GC invocations=8 (full 0):
 garbage-first heap   total 933888K, used 156635K [0x0000000601400000, 0x0000000800000000)
  region size 4096K, 7 young (28672K), 7 survivors (28672K)
 Metaspace       used 2844K, committed 3008K, reserved 1114112K
  class space    used 253K, committed 320K, reserved 1048576K
}
Event: 3.345 GC heap before
{Heap before GC invocations=8 (full 0):
 garbage-first heap   total 933888K, used 406491K [0x0000000601400000, 0x0000000800000000)
  region size 4096K, 68 young (278528K), 7 survivors (28672K)
 Metaspace       used 2844K, committed 3008K, reserved 1114112K
  class space    used 253K, committed 320K, reserved 1048576K
}

Dll operation events (8 events):
Event: 0.016 Loaded shared library C:\eclipse\plugins\org.eclipse.justj.openjdk.hotspot.jre.full.win32.x86_64_21.0.5.v20241023-1957\jre\bin\java.dll
Event: 0.068 Loaded shared library C:\eclipse\plugins\org.eclipse.justj.openjdk.hotspot.jre.full.win32.x86_64_21.0.5.v20241023-1957\jre\bin\zip.dll
Event: 0.250 Loaded shared library C:\eclipse\plugins\org.eclipse.justj.openjdk.hotspot.jre.full.win32.x86_64_21.0.5.v20241023-1957\jre\bin\instrument.dll
Event: 0.257 Loaded shared library C:\eclipse\plugins\org.eclipse.justj.openjdk.hotspot.jre.full.win32.x86_64_21.0.5.v20241023-1957\jre\bin\net.dll
Event: 0.259 Loaded shared library C:\eclipse\plugins\org.eclipse.justj.openjdk.hotspot.jre.full.win32.x86_64_21.0.5.v20241023-1957\jre\bin\nio.dll
Event: 0.265 Loaded shared library C:\eclipse\plugins\org.eclipse.justj.openjdk.hotspot.jre.full.win32.x86_64_21.0.5.v20241023-1957\jre\bin\zip.dll
Event: 0.421 Loaded shared library C:\eclipse\plugins\org.eclipse.justj.openjdk.hotspot.jre.full.win32.x86_64_21.0.5.v20241023-1957\jre\bin\jimage.dll
Event: 0.482 Loaded shared library C:\eclipse\plugins\org.eclipse.justj.openjdk.hotspot.jre.full.win32.x86_64_21.0.5.v20241023-1957\jre\bin\verify.dll

Deoptimization events (20 events):
Event: 0.684 Thread 0x00000214b66c6510 DEOPT PACKING pc=0x00000214a24650e8 sp=0x0000007f0c2fee70
Event: 0.684 Thread 0x00000214b66c6510 DEOPT UNPACKING pc=0x00000214a1ee46a2 sp=0x0000007f0c2fee00 mode 2
Event: 0.685 Thread 0x0000021496e41a70 Uncommon trap: trap_request=0xffffffcc fr.pc=0x00000214a24670a8 relative=0x0000000000001368
Event: 0.685 Thread 0x0000021496e41a70 Uncommon trap: reason=intrinsic_or_type_checked_inlining action=make_not_entrant pc=0x00000214a24670a8 method=java.util.ArrayList$SubList.toArray([Ljava/lang/Object;)[Ljava/lang/Object; @ 58 c2
Event: 0.686 Thread 0x00000214b6c9c5a0 Uncommon trap: trap_request=0xffffff45 fr.pc=0x00000214a24638f4 relative=0x0000000000000154
Event: 0.686 Thread 0x0000021496e41a70 DEOPT PACKING pc=0x00000214a24670a8 sp=0x0000007f0bafefa0
Event: 0.686 Thread 0x0000021496e41a70 DEOPT UNPACKING pc=0x00000214a1ee46a2 sp=0x0000007f0bafeed8 mode 2
Event: 0.686 Thread 0x00000214b6c9c5a0 Uncommon trap: reason=unstable_if action=reinterpret pc=0x00000214a24638f4 method=java.util.concurrent.locks.AbstractQueuedSynchronizer.signalNext(Ljava/util/concurrent/locks/AbstractQueuedSynchronizer$Node;)V @ 1 c2
Event: 0.692 Thread 0x00000214b6c9c5a0 DEOPT PACKING pc=0x00000214a24638f4 sp=0x0000007f0cafee80
Event: 0.692 Thread 0x00000214b6c9c5a0 DEOPT UNPACKING pc=0x00000214a1ee46a2 sp=0x0000007f0cafede8 mode 2
Event: 0.712 Thread 0x0000021496e41a70 Uncommon trap: trap_request=0xffffffcc fr.pc=0x00000214a246aa1c relative=0x00000000000014dc
Event: 0.715 Thread 0x0000021496e41a70 Uncommon trap: reason=intrinsic_or_type_checked_inlining action=make_not_entrant pc=0x00000214a246aa1c method=java.util.ArrayList$SubList.toArray([Ljava/lang/Object;)[Ljava/lang/Object; @ 58 c2
Event: 0.715 Thread 0x0000021496e41a70 DEOPT PACKING pc=0x00000214a246aa1c sp=0x0000007f0baff0c0
Event: 0.715 Thread 0x0000021496e41a70 DEOPT UNPACKING pc=0x00000214a1ee46a2 sp=0x0000007f0bafef28 mode 2
Event: 0.729 Thread 0x0000021496e41a70 Uncommon trap: trap_request=0xffffffcc fr.pc=0x00000214a246e8b4 relative=0x0000000000001554
Event: 0.729 Thread 0x0000021496e41a70 Uncommon trap: reason=intrinsic_or_type_checked_inlining action=make_not_entrant pc=0x00000214a246e8b4 method=java.util.ArrayList$SubList.toArray([Ljava/lang/Object;)[Ljava/lang/Object; @ 58 c2
Event: 0.729 Thread 0x0000021496e41a70 DEOPT PACKING pc=0x00000214a246e8b4 sp=0x0000007f0baff070
Event: 0.729 Thread 0x0000021496e41a70 DEOPT UNPACKING pc=0x00000214a1ee46a2 sp=0x0000007f0bafef30 mode 2
Event: 1.347 Thread 0x0000021496e41a70 DEOPT PACKING pc=0x000002149aa3d16b sp=0x0000007f0baff050
Event: 1.347 Thread 0x0000021496e41a70 DEOPT UNPACKING pc=0x00000214a1ee4e42 sp=0x0000007f0bafe650 mode 0

Classes loaded (20 events):
Event: 0.488 Loading class java/lang/UnsupportedOperationException
Event: 0.488 Loading class java/lang/UnsupportedOperationException done
Event: 0.488 Loading class java/lang/TypeNotPresentException
Event: 0.488 Loading class java/lang/TypeNotPresentException done
Event: 0.502 Loading class java/lang/IndexOutOfBoundsException
Event: 0.502 Loading class java/lang/IndexOutOfBoundsException done
Event: 0.522 Loading class java/lang/IllegalStateException
Event: 0.522 Loading class java/lang/IllegalStateException done
Event: 0.529 Loading class java/io/Reader
Event: 0.530 Loading class java/io/Reader done
Event: 0.530 Loading class java/io/FileReader
Event: 0.530 Loading class java/io/InputStreamReader
Event: 0.530 Loading class java/io/InputStreamReader done
Event: 0.530 Loading class java/io/FileReader done
Event: 0.530 Loading class sun/nio/cs/StreamDecoder
Event: 0.530 Loading class sun/nio/cs/StreamDecoder done
Event: 0.531 Loading class sun/nio/cs/UTF_8$Decoder
Event: 0.531 Loading class sun/nio/cs/UTF_8$Decoder done
Event: 0.531 Loading class java/io/BufferedReader
Event: 0.531 Loading class java/io/BufferedReader done

Classes unloaded (0 events):
No events

Classes redefined (0 events):
No events

Internal exceptions (3 events):
Event: 0.343 Thread 0x0000021496e41a70 Exception <a 'java/lang/NoSuchMethodError'{0x0000000620c774d0}: 'void java.lang.invoke.DirectMethodHandle$Holder.invokeVirtual(java.lang.Object, java.lang.Object)'> (0x0000000620c774d0) 
thrown [s\src\hotspot\share\interpreter\linkResolver.cpp, line 773]
Event: 0.465 Thread 0x0000021496e41a70 Exception <a 'java/lang/NoSuchMethodError'{0x0000000620e2bb90}: 'void java.lang.invoke.DirectMethodHandle$Holder.invokeStatic(java.lang.Object, java.lang.Object, java.lang.Object)'> (0x0000000620e2bb90) 
thrown [s\src\hotspot\share\interpreter\linkResolver.cpp, line 773]
Event: 0.469 Thread 0x0000021496e41a70 Exception <a 'java/lang/NoSuchMethodError'{0x0000000620e3e9c0}: 'java.lang.Object java.lang.invoke.Invokers$Holder.invokeExact_MT(java.lang.Object, java.lang.Object, java.lang.Object, java.lang.Object, java.lang.Object)'> (0x0000000620e3e9c0) 
thrown [s\src\hotspot\share\interpreter\linkResolver.cpp, line 773]

ZGC Phase Switch (0 events):
No events

VM Operations (20 events):
Event: 0.117 Executing VM operation: HandshakeAllThreads (Deoptimize) done
Event: 0.213 Executing VM operation: ChangeBreakpoints
Event: 0.213 Executing VM operation: ChangeBreakpoints done
Event: 0.629 Executing VM operation: G1CollectForAllocation (G1 Evacuation Pause)
Event: 0.683 Executing VM operation: G1CollectForAllocation (G1 Evacuation Pause) done
Event: 0.869 Executing VM operation: G1CollectForAllocation (G1 Evacuation Pause)
Event: 0.875 Executing VM operation: G1CollectForAllocation (G1 Evacuation Pause) done
Event: 1.084 Executing VM operation: G1CollectForAllocation (G1 Evacuation Pause)
Event: 1.106 Executing VM operation: G1CollectForAllocation (G1 Evacuation Pause) done
Event: 1.353 Executing VM operation: G1CollectForAllocation (G1 Evacuation Pause)
Event: 1.372 Executing VM operation: G1CollectForAllocation (G1 Evacuation Pause) done
Event: 1.609 Executing VM operation: G1CollectForAllocation (G1 Evacuation Pause)
Event: 1.629 Executing VM operation: G1CollectForAllocation (G1 Evacuation Pause) done
Event: 1.912 Executing VM operation: G1CollectForAllocation (G1 Evacuation Pause)
Event: 1.929 Executing VM operation: G1CollectForAllocation (G1 Evacuation Pause) done
Event: 2.283 Executing VM operation: G1CollectForAllocation (G1 Evacuation Pause)
Event: 2.333 Executing VM operation: G1CollectForAllocation (G1 Evacuation Pause) done
Event: 2.675 Executing VM operation: G1CollectForAllocation (G1 Evacuation Pause)
Event: 2.774 Executing VM operation: G1CollectForAllocation (G1 Evacuation Pause) done
Event: 3.345 Executing VM operation: G1CollectForAllocation (G1 Evacuation Pause)

Memory protections (0 events):
No events

Nmethod flushes (0 events):
No events

Events (18 events):
Event: 0.052 Thread 0x0000021496e41a70 Thread added: 0x0000021496e41a70
Event: 0.078 Thread 0x0000021496e41a70 Thread added: 0x00000214b66c6510
Event: 0.078 Thread 0x0000021496e41a70 Thread added: 0x00000214b6ba9370
Event: 0.078 Thread 0x0000021496e41a70 Thread added: 0x00000214b6bab1b0
Event: 0.078 Thread 0x0000021496e41a70 Thread added: 0x00000214b6babc00
Event: 0.078 Thread 0x0000021496e41a70 Thread added: 0x00000214b6bac650
Event: 0.078 Thread 0x0000021496e41a70 Thread added: 0x00000214b6bad0a0
Event: 0.078 Thread 0x0000021496e41a70 Thread added: 0x00000214b6bb0b70
Event: 0.079 Thread 0x0000021496e41a70 Thread added: 0x00000214b6bb1600
Event: 0.106 Thread 0x0000021496e41a70 Thread added: 0x00000214b6c9c5a0
Event: 0.146 Thread 0x0000021496e41a70 Thread added: 0x00000214b6e34b50
Event: 0.146 Thread 0x0000021496e41a70 Thread added: 0x00000214b6ee2150
Event: 0.147 Thread 0x00000214b6e34b50 Thread added: 0x00000214b6ee37e0
Event: 0.476 Thread 0x0000021496e41a70 Thread added: 0x00000214fc43c3d0
Event: 0.545 Thread 0x00000214b6bb1600 Thread added: 0x00000214fc3b13c0
Event: 0.557 Thread 0x00000214fc3b13c0 Thread added: 0x00000214fc433a00
Event: 0.916 Thread 0x00000214fc433a00 Thread exited: 0x00000214fc433a00
Event: 0.916 Thread 0x00000214fc3b13c0 Thread exited: 0x00000214fc3b13c0


Dynamic libraries:
0x00007ff73c390000 - 0x00007ff73c39e000 	C:\eclipse\plugins\org.eclipse.justj.openjdk.hotspot.jre.full.win32.x86_64_21.0.5.v20241023-1957\jre\bin\javaw.exe
0x00007ffc83d10000 - 0x00007ffc83f08000 	C:\WINDOWS\SYSTEM32\ntdll.dll
0x00007ffc82630000 - 0x00007ffc826f2000 	C:\WINDOWS\System32\KERNEL32.DLL
0x00007ffc815e0000 - 0x00007ffc818df000 	C:\WINDOWS\System32\KERNELBASE.dll
0x00007ffc81450000 - 0x00007ffc81550000 	C:\WINDOWS\System32\ucrtbase.dll
0x00007ffc7e520000 - 0x00007ffc7e538000 	C:\eclipse\plugins\org.eclipse.justj.openjdk.hotspot.jre.full.win32.x86_64_21.0.5.v20241023-1957\jre\bin\jli.dll
0x00007ffc82a60000 - 0x00007ffc82bfd000 	C:\WINDOWS\System32\USER32.dll
0x00007ffc81980000 - 0x00007ffc819a2000 	C:\WINDOWS\System32\win32u.dll
0x00007ffc82cb0000 - 0x00007ffc82cdb000 	C:\WINDOWS\System32\GDI32.dll
0x00007ffc81a70000 - 0x00007ffc81b87000 	C:\WINDOWS\System32\gdi32full.dll
0x00007ffc818e0000 - 0x00007ffc8197d000 	C:\WINDOWS\System32\msvcp_win.dll
0x00007ffc7e3d0000 - 0x00007ffc7e3ee000 	C:\eclipse\plugins\org.eclipse.justj.openjdk.hotspot.jre.full.win32.x86_64_21.0.5.v20241023-1957\jre\bin\VCRUNTIME140.dll
0x00007ffc75f20000 - 0x00007ffc761ba000 	C:\WINDOWS\WinSxS\amd64_microsoft.windows.common-controls_6595b64144ccf1df_6.0.19041.4355_none_60b8b9eb71f62e16\COMCTL32.dll
0x00007ffc83c30000 - 0x00007ffc83cce000 	C:\WINDOWS\System32\msvcrt.dll
0x00007ffc82470000 - 0x00007ffc8249f000 	C:\WINDOWS\System32\IMM32.DLL
0x00007ffc7e7c0000 - 0x00007ffc7e7cc000 	C:\eclipse\plugins\org.eclipse.justj.openjdk.hotspot.jre.full.win32.x86_64_21.0.5.v20241023-1957\jre\bin\vcruntime140_1.dll
0x00007ffc7e2e0000 - 0x00007ffc7e36d000 	C:\eclipse\plugins\org.eclipse.justj.openjdk.hotspot.jre.full.win32.x86_64_21.0.5.v20241023-1957\jre\bin\msvcp140.dll
0x00007ffc34b90000 - 0x00007ffc3591f000 	C:\eclipse\plugins\org.eclipse.justj.openjdk.hotspot.jre.full.win32.x86_64_21.0.5.v20241023-1957\jre\bin\server\jvm.dll
0x00007ffc81d20000 - 0x00007ffc81dd1000 	C:\WINDOWS\System32\ADVAPI32.dll
0x00007ffc82db0000 - 0x00007ffc82e4f000 	C:\WINDOWS\System32\sechost.dll
0x00007ffc81de0000 - 0x00007ffc81f03000 	C:\WINDOWS\System32\RPCRT4.dll
0x00007ffc81b90000 - 0x00007ffc81bb7000 	C:\WINDOWS\System32\bcrypt.dll
0x00007ffc83a90000 - 0x00007ffc83afb000 	C:\WINDOWS\System32\WS2_32.dll
0x00007ffc80f30000 - 0x00007ffc80f7b000 	C:\WINDOWS\SYSTEM32\POWRPROF.dll
0x00007ffc7ae00000 - 0x00007ffc7ae27000 	C:\WINDOWS\SYSTEM32\WINMM.dll
0x00007ffc7b430000 - 0x00007ffc7b43a000 	C:\WINDOWS\SYSTEM32\VERSION.dll
0x00007ffc80ef0000 - 0x00007ffc80f02000 	C:\WINDOWS\SYSTEM32\UMPDC.dll
0x00007ffc7f160000 - 0x00007ffc7f172000 	C:\WINDOWS\SYSTEM32\kernel.appcore.dll
0x00007ffc7a600000 - 0x00007ffc7a60a000 	C:\eclipse\plugins\org.eclipse.justj.openjdk.hotspot.jre.full.win32.x86_64_21.0.5.v20241023-1957\jre\bin\jimage.dll
0x00007ffc5e110000 - 0x00007ffc5e2f4000 	C:\WINDOWS\SYSTEM32\DBGHELP.DLL
0x00007ffc5e0d0000 - 0x00007ffc5e104000 	C:\WINDOWS\SYSTEM32\dbgcore.DLL
0x00007ffc81550000 - 0x00007ffc815d2000 	C:\WINDOWS\System32\bcryptPrimitives.dll
0x00007ffc7acb0000 - 0x00007ffc7acec000 	C:\eclipse\plugins\org.eclipse.justj.openjdk.hotspot.jre.full.win32.x86_64_21.0.5.v20241023-1957\jre\bin\jdwp.dll
0x00007ffc7e5d0000 - 0x00007ffc7e5df000 	C:\eclipse\plugins\org.eclipse.justj.openjdk.hotspot.jre.full.win32.x86_64_21.0.5.v20241023-1957\jre\bin\instrument.dll
0x00007ffc62830000 - 0x00007ffc6284f000 	C:\eclipse\plugins\org.eclipse.justj.openjdk.hotspot.jre.full.win32.x86_64_21.0.5.v20241023-1957\jre\bin\java.dll
0x00007ffc83320000 - 0x00007ffc83a8e000 	C:\WINDOWS\System32\SHELL32.dll
0x00007ffc7f440000 - 0x00007ffc7fbe4000 	C:\WINDOWS\SYSTEM32\windows.storage.dll
0x00007ffc82700000 - 0x00007ffc82a55000 	C:\WINDOWS\System32\combase.dll
0x00007ffc80d00000 - 0x00007ffc80d2f000 	C:\WINDOWS\SYSTEM32\Wldp.dll
0x00007ffc82ce0000 - 0x00007ffc82dad000 	C:\WINDOWS\System32\OLEAUT32.dll
0x00007ffc82580000 - 0x00007ffc8262d000 	C:\WINDOWS\System32\SHCORE.dll
0x00007ffc83250000 - 0x00007ffc832a5000 	C:\WINDOWS\System32\shlwapi.dll
0x00007ffc812d0000 - 0x00007ffc812f4000 	C:\WINDOWS\SYSTEM32\profapi.dll
0x00007ffc62810000 - 0x00007ffc62828000 	C:\eclipse\plugins\org.eclipse.justj.openjdk.hotspot.jre.full.win32.x86_64_21.0.5.v20241023-1957\jre\bin\zip.dll
0x00007ffc7e560000 - 0x00007ffc7e56b000 	C:\eclipse\plugins\org.eclipse.justj.openjdk.hotspot.jre.full.win32.x86_64_21.0.5.v20241023-1957\jre\bin\dt_socket.dll
0x00007ffc80740000 - 0x00007ffc8077b000 	C:\WINDOWS\SYSTEM32\IPHLPAPI.DLL
0x00007ffc80a60000 - 0x00007ffc80aca000 	C:\WINDOWS\system32\mswsock.dll
0x00007ffc80780000 - 0x00007ffc8084a000 	C:\WINDOWS\SYSTEM32\DNSAPI.dll
0x00007ffc832b0000 - 0x00007ffc832b8000 	C:\WINDOWS\System32\NSI.dll
0x00007ffc7a460000 - 0x00007ffc7a46a000 	C:\Windows\System32\rasadhlp.dll
0x00007ffc798c0000 - 0x00007ffc79940000 	C:\WINDOWS\System32\fwpuclnt.dll
0x00007ffc7a5f0000 - 0x00007ffc7a600000 	C:\eclipse\plugins\org.eclipse.justj.openjdk.hotspot.jre.full.win32.x86_64_21.0.5.v20241023-1957\jre\bin\net.dll
0x00007ffc7c410000 - 0x00007ffc7c51d000 	C:\WINDOWS\SYSTEM32\WINHTTP.dll
0x00007ffc627f0000 - 0x00007ffc62806000 	C:\eclipse\plugins\org.eclipse.justj.openjdk.hotspot.jre.full.win32.x86_64_21.0.5.v20241023-1957\jre\bin\nio.dll
0x00007ffc78ba0000 - 0x00007ffc78bb0000 	C:\eclipse\plugins\org.eclipse.justj.openjdk.hotspot.jre.full.win32.x86_64_21.0.5.v20241023-1957\jre\bin\verify.dll

dbghelp: loaded successfully - version: 4.0.5 - missing functions: none
symbol engine: initialized successfully - sym options: 0x614 - pdb path: .;C:\eclipse\plugins\org.eclipse.justj.openjdk.hotspot.jre.full.win32.x86_64_21.0.5.v20241023-1957\jre\bin;C:\WINDOWS\SYSTEM32;C:\WINDOWS\WinSxS\amd64_microsoft.windows.common-controls_6595b64144ccf1df_6.0.19041.4355_none_60b8b9eb71f62e16;C:\eclipse\plugins\org.eclipse.justj.openjdk.hotspot.jre.full.win32.x86_64_21.0.5.v20241023-1957\jre\bin\server

VM Arguments:
jvm_args: -XX:+ShowCodeDetailsInExceptionMessages -agentlib:jdwp=transport=dt_socket,suspend=y,address=localhost:55202 -javaagent:C:\eclipse\configuration\org.eclipse.osgi\252\0\.cp\lib\javaagent-shaded.jar -Dfile.encoding=UTF-8 -Dstdout.encoding=UTF-8 -Dstderr.encoding=UTF-8 
java_command: j0124.StuMain
java_class_path (initial): C:\workspace\Jclass\j0124\bin
Launcher Type: SUN_STANDARD

[Global flags]
     intx CICompilerCount                          = 4                                         {product} {ergonomic}
     uint ConcGCThreads                            = 3                                         {product} {ergonomic}
     uint G1ConcRefinementThreads                  = 10                                        {product} {ergonomic}
   size_t G1HeapRegionSize                         = 4194304                                   {product} {ergonomic}
    uintx GCDrainStackTargetSize                   = 64                                        {product} {ergonomic}
   size_t InitialHeapSize                          = 536870912                                 {product} {ergonomic}
   size_t MarkStackSize                            = 4194304                                   {product} {ergonomic}
   size_t MaxHeapSize                              = 8568963072                                {product} {ergonomic}
   size_t MaxNewSize                               = 5138022400                                {product} {ergonomic}
   size_t MinHeapDeltaBytes                        = 4194304                                   {product} {ergonomic}
   size_t MinHeapSize                              = 8388608                                   {product} {ergonomic}
    uintx NonNMethodCodeHeapSize                   = 5839372                                {pd product} {ergonomic}
    uintx NonProfiledCodeHeapSize                  = 122909434                              {pd product} {ergonomic}
    uintx ProfiledCodeHeapSize                     = 122909434                              {pd product} {ergonomic}
    uintx ReservedCodeCacheSize                    = 251658240                              {pd product} {ergonomic}
     bool SegmentedCodeCache                       = true                                      {product} {ergonomic}
     bool ShowCodeDetailsInExceptionMessages       = true                                   {manageable} {command line}
   size_t SoftMaxHeapSize                          = 8568963072                             {manageable} {ergonomic}
     bool UseCompressedOops                        = true                           {product lp64_product} {ergonomic}
     bool UseG1GC                                  = true                                      {product} {ergonomic}
     bool UseLargePagesIndividualAllocation        = false                                  {pd product} {ergonomic}

Logging:
Log output configuration:
 #0: stdout all=warning uptime,level,tags foldmultilines=false
 #1: stderr all=off uptime,level,tags foldmultilines=false

Environment Variables:
JAVA_HOME=C:\Program Files\Java\jdk-22
PATH=C:\eclipse\plugins\org.eclipse.justj.openjdk.hotspot.jre.full.win32.x86_64_21.0.5.v20241023-1957\jre\bin;C:/eclipse//plugins/org.eclipse.justj.openjdk.hotspot.jre.full.win32.x86_64_21.0.5.v20241023-1957/jre/bin/server;C:/eclipse//plugins/org.eclipse.justj.openjdk.hotspot.jre.full.win32.x86_64_21.0.5.v20241023-1957/jre/bin;C:\Program Files (x86)\Common Files\Oracle\Java\javapath;C:\oracle18\dbhomeXE\bin;C:\Program Files\Java\jdk-22\bin;C:\Program Files\Eclipse Adoptium\jdk-21.0.4.7-hotspot\bin;C:\Program Files\Common Files\Oracle\Java\javapath;C:\WINDOWS\system32;C:\WINDOWS;C:\WINDOWS\System32\Wbem;C:\WINDOWS\System32\WindowsPowerShell\v1.0\;C:\WINDOWS\System32\OpenSSH\;C:\Program Files\Bandizip\;C:\Program Files\Git\cmd;C:\Users\kosmo\AppData\Local\Programs\Python\Python312\Scripts\;C:\Users\kosmo\AppData\Local\Programs\Python\Python312\;C:\Users\kosmo\AppData\Local\Programs\Python\Launcher\;C:\Users\kosmo\AppData\Local\Microsoft\WindowsApps;C:\VS Code\bin;C:\Users\kosmo\AppData\Local\GitHubDesktop\bin;C:\eclipse;
USERNAME=kosmo
OS=Windows_NT
PROCESSOR_IDENTIFIER=Intel64 Family 6 Model 165 Stepping 3, GenuineIntel
TMP=C:\Users\kosmo\AppData\Local\Temp
TEMP=C:\Users\kosmo\AppData\Local\Temp




Periodic native trim disabled

---------------  S Y S T E M  ---------------

OS:
 Windows 10 , 64 bit Build 19041 (10.0.19041.5198)
OS uptime: 4 days 6:44 hours

CPU: total 12 (initial active 12) (6 cores per cpu, 2 threads per core) family 6 model 165 stepping 3 microcode 0xe0, cx8, cmov, fxsr, ht, mmx, 3dnowpref, sse, sse2, sse3, ssse3, sse4.1, sse4.2, popcnt, lzcnt, tsc, tscinvbit, avx, avx2, aes, erms, clmul, bmi1, bmi2, adx, fma, vzeroupper, clflush, clflushopt, rdtscp, f16c
Processor Information for all 12 processors :
  Max Mhz: 2904, Current Mhz: 2904, Mhz Limit: 2904

Memory: 4k page, system-wide physical 32681M (1677M free)
TotalPageFile size 39636M (AvailPageFile size 247M)
current process WorkingSet (physical memory assigned to process): 643M, peak: 643M
current process commit charge ("private bytes"): 1028M, peak: 1940M

vm_info: OpenJDK 64-Bit Server VM (21.0.5+11-LTS) for windows-amd64 JRE (21.0.5+11-LTS), built on 2024-10-15T00:00:00Z by "admin" with MS VC++ 17.7 (VS2022)

END.
